# JRE version: OpenJDK Runtime Environment (11.0.13) (build 11.0.13+0-b1751.21-8125866)
# Java VM: OpenJDK 64-Bit Server VM (11.0.13+0-b1751.21-8125866, mixed mode, tiered, compressed oops, g1 gc, windows-amd64)
Heap:
 garbage-first heap   total 446464K, used 325000K [0x00000000a0000000, 0x0000000100000000)
  region size 1024K, 143 young (146432K), 14 survivors (14336K)
 Metaspace       used 113689K, capacity 118970K, committed 119124K, reserved 1153024K
  class space    used 14226K, capacity 15897K, committed 16000K, reserved 1048576K
GC Heap History (20 events):
Event: 441.238 GC heap before
{Heap before GC invocations=63 (full 0):
 garbage-first heap   total 368640K, used 267813K [0x00000000a0000000, 0x0000000100000000)
  region size 1024K, 95 young (97280K), 7 survivors (7168K)
 Metaspace       used 111673K, capacity 116647K, committed 116820K, reserved 1150976K
  class space    used 14083K, capacity 15645K, committed 15744K, reserved 1048576K
}
Event: 441.304 GC heap after
{Heap after GC invocations=64 (full 0):
 garbage-first heap   total 368640K, used 190368K [0x00000000a0000000, 0x0000000100000000)
  region size 1024K, 12 young (12288K), 12 survivors (12288K)
 Metaspace       used 111673K, capacity 116647K, committed 116820K, reserved 1150976K
  class space    used 14083K, capacity 15645K, committed 15744K, reserved 1048576K
}
Event: 442.099 GC heap before
{Heap before GC invocations=64 (full 0):
 garbage-first heap   total 368640K, used 276384K [0x00000000a0000000, 0x0000000100000000)
  region size 1024K, 97 young (99328K), 12 survivors (12288K)
 Metaspace       used 112138K, capacity 117096K, committed 117332K, reserved 1150976K
  class space    used 14106K, capacity 15687K, committed 15744K, reserved 1048576K
}
Event: 442.167 GC heap after
{Heap after GC invocations=65 (full 0):
 garbage-first heap   total 368640K, used 210944K [0x00000000a0000000, 0x0000000100000000)
  region size 1024K, 13 young (13312K), 13 survivors (13312K)
 Metaspace       used 112138K, capacity 117096K, committed 117332K, reserved 1150976K
  class space    used 14106K, capacity 15687K, committed 15744K, reserved 1048576K
}
Event: 451.368 GC heap before
{Heap before GC invocations=65 (full 0):
 garbage-first heap   total 368640K, used 283648K [0x00000000a0000000, 0x0000000100000000)
  region size 1024K, 85 young (87040K), 13 survivors (13312K)
 Metaspace       used 112482K, capacity 117621K, committed 117844K, reserved 1150976K
  class space    used 14137K, capacity 15742K, committed 15744K, reserved 1048576K
}
Event: 451.419 GC heap after
{Heap after GC invocations=66 (full 0):
 garbage-first heap   total 368640K, used 218425K [0x00000000a0000000, 0x0000000100000000)
  region size 1024K, 8 young (8192K), 8 survivors (8192K)
 Metaspace       used 112482K, capacity 117621K, committed 117844K, reserved 1150976K
  class space    used 14137K, capacity 15742K, committed 15744K, reserved 1048576K
}
Event: 452.578 GC heap before
{Heap before GC invocations=67 (full 0):
 garbage-first heap   total 405504K, used 373049K [0x00000000a0000000, 0x0000000100000000)
  region size 1024K, 77 young (78848K), 8 survivors (8192K)
 Metaspace       used 112666K, capacity 117828K, committed 117972K, reserved 1150976K
  class space    used 14157K, capacity 15780K, committed 15872K, reserved 1048576K
}
Event: 452.590 GC heap after
{Heap after GC invocations=68 (full 0):
 garbage-first heap   total 405504K, used 294331K [0x00000000a0000000, 0x0000000100000000)
  region size 1024K, 5 young (5120K), 5 survivors (5120K)
 Metaspace       used 112666K, capacity 117828K, committed 117972K, reserved 1150976K
  class space    used 14157K, capacity 15780K, committed 15872K, reserved 1048576K
}
Event: 452.771 GC heap before
{Heap before GC invocations=68 (full 0):
 garbage-first heap   total 405504K, used 307643K [0x00000000a0000000, 0x0000000100000000)
  region size 1024K, 20 young (20480K), 5 survivors (5120K)
 Metaspace       used 112694K, capacity 117828K, committed 117972K, reserved 1150976K
  class space    used 14158K, capacity 15780K, committed 15872K, reserved 1048576K
}
Event: 452.788 GC heap after
{Heap after GC invocations=69 (full 0):
 garbage-first heap   total 405504K, used 262403K [0x00000000a0000000, 0x0000000100000000)
  region size 1024K, 2 young (2048K), 2 survivors (2048K)
 Metaspace       used 112694K, capacity 117828K, committed 117972K, reserved 1150976K
  class space    used 14158K, capacity 15780K, committed 15872K, reserved 1048576K
}
Event: 452.963 GC heap before
{Heap before GC invocations=69 (full 0):
 garbage-first heap   total 405504K, used 279811K [0x00000000a0000000, 0x0000000100000000)
  region size 1024K, 20 young (20480K), 2 survivors (2048K)
 Metaspace       used 112716K, capacity 117898K, committed 118228K, reserved 1153024K
  class space    used 14159K, capacity 15782K, committed 15872K, reserved 1048576K
}
Event: 452.977 GC heap after
{Heap after GC invocations=70 (full 0):
 garbage-first heap   total 405504K, used 259697K [0x00000000a0000000, 0x0000000100000000)
  region size 1024K, 3 young (3072K), 3 survivors (3072K)
 Metaspace       used 112716K, capacity 117898K, committed 118228K, reserved 1153024K
  class space    used 14159K, capacity 15782K, committed 15872K, reserved 1048576K
}
Event: 454.125 GC heap before
{Heap before GC invocations=70 (full 0):
 garbage-first heap   total 446464K, used 432753K [0x00000000a0000000, 0x0000000100000000)
  region size 1024K, 62 young (63488K), 3 survivors (3072K)
 Metaspace       used 112844K, capacity 118076K, committed 118228K, reserved 1153024K
  class space    used 14175K, capacity 15811K, committed 15872K, reserved 1048576K
}
Event: 454.130 GC heap after
{Heap after GC invocations=71 (full 0):
 garbage-first heap   total 446464K, used 278582K [0x00000000a0000000, 0x0000000100000000)
  region size 1024K, 3 young (3072K), 3 survivors (3072K)
 Metaspace       used 112844K, capacity 118076K, committed 118228K, reserved 1153024K
  class space    used 14175K, capacity 15811K, committed 15872K, reserved 1048576K
}
Event: 2943.714 GC heap before
{Heap before GC invocations=72 (full 0):
 garbage-first heap   total 446464K, used 402486K [0x00000000a0000000, 0x0000000100000000)
  region size 1024K, 85 young (87040K), 3 survivors (3072K)
 Metaspace       used 113070K, capacity 118276K, committed 118484K, reserved 1153024K
  class space    used 14177K, capacity 15811K, committed 15872K, reserved 1048576K
}
Event: 2943.809 GC heap after
{Heap after GC invocations=73 (full 0):
 garbage-first heap   total 446464K, used 185986K [0x00000000a0000000, 0x0000000100000000)
  region size 1024K, 3 young (3072K), 3 survivors (3072K)
 Metaspace       used 113070K, capacity 118276K, committed 118484K, reserved 1153024K
  class space    used 14177K, capacity 15811K, committed 15872K, reserved 1048576K
}
Event: 3586.496 GC heap before
{Heap before GC invocations=73 (full 0):
 garbage-first heap   total 446464K, used 204418K [0x00000000a0000000, 0x0000000100000000)
  region size 1024K, 21 young (21504K), 3 survivors (3072K)
 Metaspace       used 113070K, capacity 118276K, committed 118484K, reserved 1153024K
  class space    used 14177K, capacity 15811K, committed 15872K, reserved 1048576K
}
Event: 3586.526 GC heap after
{Heap after GC invocations=74 (full 0):
 garbage-first heap   total 446464K, used 182387K [0x00000000a0000000, 0x0000000100000000)
  region size 1024K, 1 young (1024K), 1 survivors (1024K)
 Metaspace       used 113070K, capacity 118276K, committed 118484K, reserved 1153024K
  class space    used 14177K, capacity 15811K, committed 15872K, reserved 1048576K
}
Event: 5320.120 GC heap before
{Heap before GC invocations=74 (full 0):
 garbage-first heap   total 446464K, used 322675K [0x00000000a0000000, 0x0000000100000000)
  region size 1024K, 139 young (142336K), 1 survivors (1024K)
 Metaspace       used 113425K, capacity 118733K, committed 118868K, reserved 1153024K
  class space    used 14219K, capacity 15888K, committed 16000K, reserved 1048576K
}
Event: 5320.166 GC heap after
{Heap after GC invocations=75 (full 0):
 garbage-first heap   total 446464K, used 194952K [0x00000000a0000000, 0x0000000100000000)
  region size 1024K, 14 young (14336K), 14 survivors (14336K)
 Metaspace       used 113425K, capacity 118733K, committed 118868K, reserved 1153024K
  class space    used 14219K, capacity 15888K, committed 16000K, reserved 1048576K
}

